<?xml version="1.0" encoding="UTF-8"?>
<testsuite name="TestSuite" time="11.24" tests="13" errors="0" skipped="0" failures="0">
  <properties>
    <property name="java.runtime.name" value="OpenJDK Runtime Environment"/>
    <property name="java.vm.version" value="19.0.1+10-21"/>
    <property name="sun.boot.library.path" value="/Users/uroskatanic/Library/Java/JavaVirtualMachines/openjdk-19.0.1/Contents/Home/lib"/>
    <property name="maven.multiModuleProjectDirectory" value="/Users/uroskatanic/IdeaProjects/REST-Assured-Framework"/>
    <property name="java.vm.vendor" value="Oracle Corporation"/>
    <property name="java.vendor.url" value="https://java.oracle.com/"/>
    <property name="guice.disable.misplaced.annotation.check" value="true"/>
    <property name="path.separator" value=":"/>
    <property name="java.vm.name" value="OpenJDK 64-Bit Server VM"/>
    <property name="user.country" value="RS"/>
    <property name="sun.java.launcher" value="SUN_STANDARD"/>
    <property name="java.vm.specification.name" value="Java Virtual Machine Specification"/>
    <property name="user.dir" value="/Users/uroskatanic/IdeaProjects/REST-Assured-Framework"/>
    <property name="java.vm.compressedOopsMode" value="Zero based"/>
    <property name="java.runtime.version" value="19.0.1+10-21"/>
    <property name="os.arch" value="aarch64"/>
    <property name="java.io.tmpdir" value="/var/folders/x5/mrclj5nx0vg5hjbfx4bng0g80000gn/T/"/>
    <property name="line.separator" value="&#10;"/>
    <property name="java.vm.specification.vendor" value="Oracle Corporation"/>
    <property name="stderr.encoding" value="UTF-8"/>
    <property name="os.name" value="Mac OS X"/>
    <property name="classworlds.conf" value="/Users/uroskatanic/apache-maven-3.9.0/bin/m2.conf"/>
    <property name="sun.jnu.encoding" value="UTF-8"/>
    <property name="stdout.encoding" value="UTF-8"/>
    <property name="java.library.path" value="/Users/uroskatanic/Library/Java/Extensions:/Library/Java/Extensions:/Network/Library/Java/Extensions:/System/Library/Java/Extensions:/usr/lib/java:."/>
    <property name="maven.conf" value="/Users/uroskatanic/apache-maven-3.9.0/conf"/>
    <property name="jdk.debug" value="release"/>
    <property name="java.class.version" value="63.0"/>
    <property name="java.specification.name" value="Java Platform API Specification"/>
    <property name="sun.management.compiler" value="HotSpot 64-Bit Tiered Compilers"/>
    <property name="os.version" value="13.4"/>
    <property name="library.jansi.path" value="/Users/uroskatanic/apache-maven-3.9.0/lib/jansi-native"/>
    <property name="http.nonProxyHosts" value="local|*.local|169.254/16|*.169.254/16"/>
    <property name="surefire.suiteXmlFiles" value="smoke.xml"/>
    <property name="user.home" value="/Users/uroskatanic"/>
    <property name="user.timezone" value="Europe/Belgrade"/>
    <property name="file.encoding" value="UTF-8"/>
    <property name="java.specification.version" value="19"/>
    <property name="user.name" value="uroskatanic"/>
    <property name="java.class.path" value="/Users/uroskatanic/apache-maven-3.9.0/boot/plexus-classworlds-2.6.0.jar"/>
    <property name="java.vm.specification.version" value="19"/>
    <property name="sun.arch.data.model" value="64"/>
    <property name="sun.java.command" value="org.codehaus.plexus.classworlds.launcher.Launcher clean test -Dsurefire.suiteXmlFiles=smoke.xml"/>
    <property name="java.home" value="/Users/uroskatanic/Library/Java/JavaVirtualMachines/openjdk-19.0.1/Contents/Home"/>
    <property name="apple.awt.application.name" value="Launcher"/>
    <property name="user.language" value="en"/>
    <property name="java.specification.vendor" value="Oracle Corporation"/>
    <property name="java.vm.info" value="mixed mode, sharing"/>
    <property name="java.version" value="19.0.1"/>
    <property name="native.encoding" value="UTF-8"/>
    <property name="java.vendor" value="Oracle Corporation"/>
    <property name="maven.home" value="/Users/uroskatanic/apache-maven-3.9.0"/>
    <property name="file.separator" value="/"/>
    <property name="java.version.date" value="2022-10-18"/>
    <property name="java.vendor.url.bug" value="https://bugreport.java.com/bugreport/"/>
    <property name="sun.io.unicode.encoding" value="UnicodeBig"/>
    <property name="sun.cpu.endian" value="little"/>
    <property name="socksNonProxyHosts" value="local|*.local|169.254/16|*.169.254/16"/>
    <property name="ftp.nonProxyHosts" value="local|*.local|169.254/16|*.169.254/16"/>
  </properties>
  <testcase name="TestCase01_Get_Data_for_Place" classname="tests.fake_google_maps_api.get_data_for_place" time="1.256"/>
  <testcase name="TestCase02_Check_Name" classname="tests.fake_google_maps_api.get_data_for_place" time="1.004"/>
  <testcase name="testCase03_PlaceID_New" classname="tests.fake_google_maps_api.get_data_for_place" time="0.945"/>
  <testcase name="testCase04_Check_address" classname="tests.fake_google_maps_api.get_data_for_place" time="0.972"/>
  <testcase name="testCase05_Check_types" classname="tests.fake_google_maps_api.get_data_for_place" time="0.935"/>
  <testcase name="testCase06_Check_language" classname="tests.fake_google_maps_api.get_data_for_place" time="1.125"/>
  <testcase name="testCase07_Check_website" classname="tests.fake_google_maps_api.get_data_for_place" time="1.011"/>
  <testcase name="testCase08_Ceheck_body" classname="tests.fake_google_maps_api.get_data_for_place" time="0"/>
  <testcase name="TestCase01" classname="tests.fake_google_maps_api.create_place" time="0.348"/>
  <testcase name="TestCase02" classname="tests.fake_google_maps_api.create_place" time="0.326"/>
  <testcase name="TestCase03" classname="tests.fake_google_maps_api.create_place" time="0.313"/>
  <testcase name="testCase01DeleteJustCreatedPlace" classname="tests.fake_google_maps_api.delete_place" time="1.557"/>
  <testcase name="testCase02DeleteNotExistingPlaceID" classname="tests.fake_google_maps_api.delete_place" time="1.448"/>
</testsuite>