<?xml version="1.0" encoding="UTF-8"?>
<testsuite name="TestSuite" time="19.628" tests="31" errors="0" skipped="0" failures="0">
  <properties>
    <property name="idea.version" value="2023.1"/>
    <property name="java.runtime.name" value="OpenJDK Runtime Environment"/>
    <property name="java.vm.version" value="17.0.6+10-LTS"/>
    <property name="sun.boot.library.path" value="/Users/uroskatanic/Library/Java/JavaVirtualMachines/corretto-17.0.6/Contents/Home/lib"/>
    <property name="maven.multiModuleProjectDirectory" value="/Users/uroskatanic/IdeaProjects/REST-Assured-Framework"/>
    <property name="java.vm.vendor" value="Amazon.com Inc."/>
    <property name="java.vendor.url" value="https://aws.amazon.com/corretto/"/>
    <property name="guice.disable.misplaced.annotation.check" value="true"/>
    <property name="path.separator" value=":"/>
    <property name="java.vm.name" value="OpenJDK 64-Bit Server VM"/>
    <property name="user.country" value="RS"/>
    <property name="sun.java.launcher" value="SUN_STANDARD"/>
    <property name="java.vm.specification.name" value="Java Virtual Machine Specification"/>
    <property name="user.dir" value="/Users/uroskatanic/IdeaProjects/REST-Assured-Framework"/>
    <property name="java.vm.compressedOopsMode" value="Zero based"/>
    <property name="java.runtime.version" value="17.0.6+10-LTS"/>
    <property name="os.arch" value="aarch64"/>
    <property name="java.io.tmpdir" value="/var/folders/x5/mrclj5nx0vg5hjbfx4bng0g80000gn/T/"/>
    <property name="line.separator" value="&#10;"/>
    <property name="java.vm.specification.vendor" value="Oracle Corporation"/>
    <property name="os.name" value="Mac OS X"/>
    <property name="maven.ext.class.path" value="/Applications/IntelliJ IDEA CE.app/Contents/plugins/maven/lib/maven-event-listener.jar"/>
    <property name="classworlds.conf" value="/Applications/IntelliJ IDEA CE.app/Contents/plugins/maven/lib/maven3/bin/m2.conf"/>
    <property name="sun.jnu.encoding" value="UTF-8"/>
    <property name="java.library.path" value="/Users/uroskatanic/Library/Java/Extensions:/Library/Java/Extensions:/Network/Library/Java/Extensions:/System/Library/Java/Extensions:/usr/lib/java:."/>
    <property name="jansi.passthrough" value="true"/>
    <property name="maven.conf" value="/Applications/IntelliJ IDEA CE.app/Contents/plugins/maven/lib/maven3/conf"/>
    <property name="jdk.debug" value="release"/>
    <property name="java.class.version" value="61.0"/>
    <property name="java.specification.name" value="Java Platform API Specification"/>
    <property name="sun.management.compiler" value="HotSpot 64-Bit Tiered Compilers"/>
    <property name="os.version" value="13.3.1"/>
    <property name="http.nonProxyHosts" value="local|*.local|169.254/16|*.169.254/16"/>
    <property name="user.home" value="/Users/uroskatanic"/>
    <property name="user.timezone" value="Europe/Belgrade"/>
    <property name="file.encoding" value="UTF-8"/>
    <property name="java.specification.version" value="17"/>
    <property name="user.name" value="uroskatanic"/>
    <property name="java.class.path" value="/Applications/IntelliJ IDEA CE.app/Contents/plugins/maven/lib/maven3/boot/plexus-classworlds.license:/Applications/IntelliJ IDEA CE.app/Contents/plugins/maven/lib/maven3/boot/plexus-classworlds-2.6.0.jar"/>
    <property name="java.vm.specification.version" value="17"/>
    <property name="sun.arch.data.model" value="64"/>
    <property name="sun.java.command" value="org.codehaus.classworlds.Launcher -Didea.version=2023.1 install"/>
    <property name="java.home" value="/Users/uroskatanic/Library/Java/JavaVirtualMachines/corretto-17.0.6/Contents/Home"/>
    <property name="user.language" value="en"/>
    <property name="java.specification.vendor" value="Oracle Corporation"/>
    <property name="java.vm.info" value="mixed mode, sharing"/>
    <property name="java.version" value="17.0.6"/>
    <property name="native.encoding" value="UTF-8"/>
    <property name="java.vendor" value="Amazon.com Inc."/>
    <property name="maven.home" value="/Applications/IntelliJ IDEA CE.app/Contents/plugins/maven/lib/maven3"/>
    <property name="file.separator" value="/"/>
    <property name="java.version.date" value="2023-01-17"/>
    <property name="java.vendor.url.bug" value="https://github.com/corretto/corretto-17/issues/"/>
    <property name="sun.io.unicode.encoding" value="UnicodeBig"/>
    <property name="sun.cpu.endian" value="little"/>
    <property name="java.vendor.version" value="Corretto-17.0.6.10.1"/>
    <property name="socksNonProxyHosts" value="local|*.local|169.254/16|*.169.254/16"/>
    <property name="ftp.nonProxyHosts" value="local|*.local|169.254/16|*.169.254/16"/>
  </properties>
  <testcase name="BookStore_AddBook_ID" classname="tests.test_for_books.add_book_store" time="0.555"/>
  <testcase name="BookStore_AddBook_Msg" classname="tests.test_for_books.add_book_store" time="0.609"/>
  <testcase name="BookStore_AddBook_Status" classname="tests.test_for_books.add_book_store" time="0.514"/>
  <testcase name="Existing_book" classname="tests.test_for_books.add_book_store" time="0.537"/>
  <testcase name="checkBookID" classname="tests.test_for_books.checkMultyBooks" time="0.582"/>
  <testcase name="checkBookID" classname="tests.test_for_books.checkMultyBooks" time="0.577"/>
  <testcase name="checkBookID" classname="tests.test_for_books.checkMultyBooks" time="0.579"/>
  <testcase name="checkBookID" classname="tests.test_for_books.checkMultyBooks" time="0.515"/>
  <testcase name="checkBookID" classname="tests.test_for_books.checkMultyBooks" time="0.646"/>
  <testcase name="checkBookID" classname="tests.test_for_books.checkMultyBooks" time="0.523"/>
  <testcase name="checkBookID" classname="tests.test_for_books.checkMultyBooks" time="0.511"/>
  <testcase name="incorrect_Books" classname="tests.test_for_books.checkMultyBooks" time="0.541"/>
  <testcase name="incorrect_Books" classname="tests.test_for_books.checkMultyBooks" time="0.607"/>
  <testcase name="incorrect_Books" classname="tests.test_for_books.checkMultyBooks" time="0.558"/>
  <testcase name="incorrect_Books" classname="tests.test_for_books.checkMultyBooks" time="0.577"/>
  <testcase name="TestCase01_Get_Data_for_Place" classname="tests.fake_google_maps_api.get_data_for_place" time="1.191"/>
  <testcase name="TestCase02_Check_Name" classname="tests.fake_google_maps_api.get_data_for_place" time="1.076"/>
  <testcase name="testCase03_PlaceID_New" classname="tests.fake_google_maps_api.get_data_for_place" time="1.154"/>
  <testcase name="testCase04_Check_address" classname="tests.fake_google_maps_api.get_data_for_place" time="1.07"/>
  <testcase name="testCase05_Check_types" classname="tests.fake_google_maps_api.get_data_for_place" time="1.146"/>
  <testcase name="testCase06_Check_language" classname="tests.fake_google_maps_api.get_data_for_place" time="1.188"/>
  <testcase name="testCase07_Check_website" classname="tests.fake_google_maps_api.get_data_for_place" time="1.212"/>
  <testcase name="testCase08_Ceheck_body" classname="tests.fake_google_maps_api.get_data_for_place" time="0"/>
  <testcase name="TestCase01" classname="tests.fake_google_maps_api.create_place" time="0.518"/>
  <testcase name="TestCase02" classname="tests.fake_google_maps_api.create_place" time="0.534"/>
  <testcase name="TestCase03" classname="tests.fake_google_maps_api.create_place" time="0.502"/>
  <testcase name="testCase01DeleteJustCreatedPlace" classname="tests.fake_google_maps_api.delete_place" time="1.646"/>
  <testcase name="testCase02DeleteNotExistingPlaceID" classname="tests.fake_google_maps_api.delete_place" time="1.552"/>
  <testcase name="TestCase03" classname="tests.fake_google_maps_api.update_place" time="1.669"/>
  <testcase name="get_data" classname="tests.fake_google_maps_api.get_data_for_place_POJO" time="1.33"/>
  <testcase name="testCase" classname="tests.Google_Maps_POJO.first_test" time="0.502"/>
</testsuite>