<?xml version="1.0" encoding="UTF-8"?>
<!-- Generated by org.testng.reporters.JUnitReportReporter -->
<testsuite hostname="Uros" failures="0" tests="11" name="tests.test_for_books.checkMultyBooks" time="3.987" errors="0" timestamp="2023-03-27T20:50:26 CEST" skipped="0">
  <testcase classname="tests.test_for_books.checkMultyBooks" name="checkBookID" time="0.356"/>
  <system-out/>
  <testcase classname="tests.test_for_books.checkMultyBooks" name="checkBookID" time="0.353"/>
  <system-out/>
  <testcase classname="tests.test_for_books.checkMultyBooks" name="incorrect_Books" time="0.346"/>
  <system-out/>
  <testcase classname="tests.test_for_books.checkMultyBooks" name="checkBookID" time="0.360"/>
  <system-out/>
  <testcase classname="tests.test_for_books.checkMultyBooks" name="checkBookID" time="0.356"/>
  <system-out/>
  <testcase classname="tests.test_for_books.checkMultyBooks" name="checkBookID" time="0.371"/>
  <system-out/>
  <testcase classname="tests.test_for_books.checkMultyBooks" name="incorrect_Books" time="0.369"/>
  <system-out/>
  <testcase classname="tests.test_for_books.checkMultyBooks" name="incorrect_Books" time="0.371"/>
  <system-out/>
  <testcase classname="tests.test_for_books.checkMultyBooks" name="checkBookID" time="0.363"/>
  <system-out/>
  <testcase classname="tests.test_for_books.checkMultyBooks" name="checkBookID" time="0.352"/>
  <system-out/>
  <testcase classname="tests.test_for_books.checkMultyBooks" name="incorrect_Books" time="0.390"/>
  <system-out/>
</testsuite> <!-- tests.test_for_books.checkMultyBooks -->
