<?xml version="1.0" encoding="UTF-8"?>
<!-- Generated by org.testng.reporters.JUnitReportReporter -->
<testsuite hostname="192.168.1.15" failures="0" tests="2" name="tests.fake_google_maps_api.delete_place" time="3.199" errors="0" timestamp="2023-04-26T22:51:45 CEST" skipped="0">
  <testcase classname="tests.fake_google_maps_api.delete_place" name="testCase02DeleteNotExistingPlaceID" time="1.552"/>
  <system-out/>
  <testcase classname="tests.fake_google_maps_api.delete_place" name="testCase01DeleteJustCreatedPlace" time="1.647"/>
  <system-out/>
</testsuite> <!-- tests.fake_google_maps_api.delete_place -->
