<?xml version="1.0" encoding="UTF-8"?>
<!-- Generated by org.testng.reporters.JUnitReportReporter -->
<testsuite hostname="Uros" failures="0" tests="2" name="tests.fake_google_maps_api.delete_place" time="3.200" errors="0" timestamp="2023-03-27T22:30:06 CEST" skipped="0">
  <testcase classname="tests.fake_google_maps_api.delete_place" name="testCase02DeleteNotExistingPlaceID" time="1.242"/>
  <system-out/>
  <testcase classname="tests.fake_google_maps_api.delete_place" name="testCase01DeleteJustCreatedPlace" time="1.958"/>
  <system-out/>
</testsuite> <!-- tests.fake_google_maps_api.delete_place -->
