<?xml version="1.0" encoding="UTF-8"?>
<!-- Generated by org.testng.reporters.JUnitReportReporter -->
<testsuite hostname="192.168.1.15" failures="0" tests="4" name="tests.test_for_books.add_book_store" time="1.777" errors="0" timestamp="2023-04-10T23:25:39 CEST" skipped="0">
  <testcase classname="tests.test_for_books.add_book_store" name="BookStore_AddBook_Msg" time="0.425"/>
  <system-out/>
  <testcase classname="tests.test_for_books.add_book_store" name="Existing_book" time="0.436"/>
  <system-out/>
  <testcase classname="tests.test_for_books.add_book_store" name="BookStore_AddBook_Status" time="0.440"/>
  <system-out/>
  <testcase classname="tests.test_for_books.add_book_store" name="BookStore_AddBook_ID" time="0.476"/>
  <system-out/>
</testsuite> <!-- tests.test_for_books.add_book_store -->
