<?xml version="1.0" encoding="UTF-8"?>
<!-- Generated by org.testng.reporters.JUnitReportReporter -->
<testsuite hostname="192.168.1.15" failures="0" tests="8" name="tests.fake_google_maps_api.get_data_for_place" time="8.037" errors="0" timestamp="2023-04-26T22:51:45 CEST" skipped="0">
  <testcase classname="tests.fake_google_maps_api.get_data_for_place" name="testCase04_Check_address" time="1.069"/>
  <system-out/>
  <testcase classname="tests.fake_google_maps_api.get_data_for_place" name="testCase05_Check_types" time="1.146"/>
  <system-out/>
  <testcase classname="tests.fake_google_maps_api.get_data_for_place" name="testCase07_Check_website" time="1.212"/>
  <system-out/>
  <testcase classname="tests.fake_google_maps_api.get_data_for_place" name="TestCase01_Get_Data_for_Place" time="1.191"/>
  <system-out/>
  <testcase classname="tests.fake_google_maps_api.get_data_for_place" name="testCase08_Ceheck_body" time="0.000"/>
  <system-out/>
  <testcase classname="tests.fake_google_maps_api.get_data_for_place" name="testCase06_Check_language" time="1.188"/>
  <system-out/>
  <testcase classname="tests.fake_google_maps_api.get_data_for_place" name="TestCase02_Check_Name" time="1.077"/>
  <system-out/>
  <testcase classname="tests.fake_google_maps_api.get_data_for_place" name="testCase03_PlaceID_New" time="1.154"/>
  <system-out/>
</testsuite> <!-- tests.fake_google_maps_api.get_data_for_place -->
