<?xml version="1.0" encoding="UTF-8"?>
<!-- Generated by org.testng.reporters.JUnitReportReporter -->
<testsuite hostname="192.168.1.15" failures="0" tests="11" name="tests.test_for_books.checkMultyBooks" time="4.596" errors="0" timestamp="2023-04-10T23:25:39 CEST" skipped="0">
  <testcase classname="tests.test_for_books.checkMultyBooks" name="incorrect_Books" time="0.418"/>
  <system-out/>
  <testcase classname="tests.test_for_books.checkMultyBooks" name="checkBookID" time="0.469"/>
  <system-out/>
  <testcase classname="tests.test_for_books.checkMultyBooks" name="incorrect_Books" time="0.409"/>
  <system-out/>
  <testcase classname="tests.test_for_books.checkMultyBooks" name="checkBookID" time="0.419"/>
  <system-out/>
  <testcase classname="tests.test_for_books.checkMultyBooks" name="checkBookID" time="0.402"/>
  <system-out/>
  <testcase classname="tests.test_for_books.checkMultyBooks" name="checkBookID" time="0.425"/>
  <system-out/>
  <testcase classname="tests.test_for_books.checkMultyBooks" name="checkBookID" time="0.415"/>
  <system-out/>
  <testcase classname="tests.test_for_books.checkMultyBooks" name="incorrect_Books" time="0.400"/>
  <system-out/>
  <testcase classname="tests.test_for_books.checkMultyBooks" name="incorrect_Books" time="0.408"/>
  <system-out/>
  <testcase classname="tests.test_for_books.checkMultyBooks" name="checkBookID" time="0.409"/>
  <system-out/>
  <testcase classname="tests.test_for_books.checkMultyBooks" name="checkBookID" time="0.422"/>
  <system-out/>
</testsuite> <!-- tests.test_for_books.checkMultyBooks -->
