<?xml version="1.0" encoding="UTF-8"?>
<!-- Generated by org.testng.reporters.JUnitReportReporter -->
<testsuite hostname="Uros" failures="0" tests="4" name="tests.fake_google_maps_api.create_place" time="2.407" errors="0" timestamp="2023-03-27T22:24:22 CEST" skipped="0">
  <testcase classname="tests.fake_google_maps_api.create_place" name="TestCase04" time="0.763"/>
  <system-out/>
  <testcase classname="tests.fake_google_maps_api.create_place" name="TestCase02" time="0.299"/>
  <system-out/>
  <testcase classname="tests.fake_google_maps_api.create_place" name="TestCase01" time="0.290"/>
  <system-out/>
  <testcase classname="tests.fake_google_maps_api.create_place" name="TestCase03" time="1.055"/>
  <system-out/>
</testsuite> <!-- tests.fake_google_maps_api.create_place -->
