<?xml version="1.0" encoding="UTF-8"?>
<!-- Generated by org.testng.reporters.JUnitReportReporter -->
<testsuite hostname="Uros" failures="0" tests="11" name="tests.test_for_books.checkMultyBooks" time="3.737" errors="0" timestamp="2023-03-27T22:30:06 CEST" skipped="0">
  <testcase classname="tests.test_for_books.checkMultyBooks" name="checkBookID" time="0.513"/>
  <system-out/>
  <testcase classname="tests.test_for_books.checkMultyBooks" name="checkBookID" time="0.317"/>
  <system-out/>
  <testcase classname="tests.test_for_books.checkMultyBooks" name="incorrect_Books" time="0.318"/>
  <system-out/>
  <testcase classname="tests.test_for_books.checkMultyBooks" name="incorrect_Books" time="0.343"/>
  <system-out/>
  <testcase classname="tests.test_for_books.checkMultyBooks" name="checkBookID" time="0.312"/>
  <system-out/>
  <testcase classname="tests.test_for_books.checkMultyBooks" name="checkBookID" time="0.331"/>
  <system-out/>
  <testcase classname="tests.test_for_books.checkMultyBooks" name="incorrect_Books" time="0.314"/>
  <system-out/>
  <testcase classname="tests.test_for_books.checkMultyBooks" name="checkBookID" time="0.318"/>
  <system-out/>
  <testcase classname="tests.test_for_books.checkMultyBooks" name="checkBookID" time="0.313"/>
  <system-out/>
  <testcase classname="tests.test_for_books.checkMultyBooks" name="checkBookID" time="0.320"/>
  <system-out/>
  <testcase classname="tests.test_for_books.checkMultyBooks" name="incorrect_Books" time="0.338"/>
  <system-out/>
</testsuite> <!-- tests.test_for_books.checkMultyBooks -->
