<?xml version="1.0" encoding="UTF-8"?>
<!-- Generated by org.testng.reporters.JUnitReportReporter -->
<testsuite hostname="192.168.1.15" failures="0" tests="3" name="tests.fake_google_maps_api.create_place" time="1.206" errors="0" timestamp="2023-04-10T23:25:39 CEST" skipped="0">
  <testcase classname="tests.fake_google_maps_api.create_place" name="TestCase03" time="0.386"/>
  <system-out/>
  <testcase classname="tests.fake_google_maps_api.create_place" name="TestCase01" time="0.411"/>
  <system-out/>
  <testcase classname="tests.fake_google_maps_api.create_place" name="TestCase02" time="0.409"/>
  <system-out/>
</testsuite> <!-- tests.fake_google_maps_api.create_place -->
