<?xml version="1.0" encoding="UTF-8"?>
<!-- Generated by org.testng.reporters.JUnitReportReporter -->
<testsuite hostname="Uros" failures="0" tests="3" name="tests.fake_google_maps_api.get_data_for_place" time="3.087" errors="0" timestamp="2023-03-27T22:30:06 CEST" skipped="0">
  <testcase classname="tests.fake_google_maps_api.get_data_for_place" name="TestCase02_With_Corect_PlaceID" time="1.494"/>
  <system-out/>
  <testcase classname="tests.fake_google_maps_api.get_data_for_place" name="TestCase01_Get_Data_for_Place" time="0.841"/>
  <system-out/>
  <testcase classname="tests.fake_google_maps_api.get_data_for_place" name="testCase03_PlaceID_New" time="0.752"/>
  <system-out/>
</testsuite> <!-- tests.fake_google_maps_api.get_data_for_place -->
