<?xml version="1.0" encoding="UTF-8"?>
<!-- Generated by org.testng.reporters.JUnitReportReporter -->
<testsuite hostname="192.168.1.15" failures="0" tests="3" name="tests.fake_google_maps_api.create_place" time="1.715" errors="0" timestamp="2023-06-17T15:15:29 CEST" skipped="0">
  <testcase classname="tests.fake_google_maps_api.create_place" name="TestCase02" time="0.375"/>
  <system-out/>
  <testcase classname="tests.fake_google_maps_api.create_place" name="TestCase01" time="1.004"/>
  <system-out/>
  <testcase classname="tests.fake_google_maps_api.create_place" name="TestCase03" time="0.336"/>
  <system-out/>
</testsuite> <!-- tests.fake_google_maps_api.create_place -->
