<?xml version="1.0" encoding="UTF-8"?>
<!-- Generated by org.testng.reporters.JUnitReportReporter -->
<testsuite hostname="Uros" failures="0" tests="2" name="tests.test_for_books.check_book_value" time="1.040" errors="0" timestamp="2023-03-27T22:19:42 CEST" skipped="0">
  <testcase classname="tests.test_for_books.check_book_value" name="check_missing_book" time="0.331"/>
  <system-out/>
  <testcase classname="tests.test_for_books.check_book_value" name="check_book_name" time="0.709"/>
  <system-out/>
</testsuite> <!-- tests.test_for_books.check_book_value -->
