<?xml version="1.0" encoding="UTF-8"?>
<!-- Generated by org.testng.reporters.JUnitReportReporter -->
<testsuite hostname="Uros" failures="0" tests="11" name="tests.test_for_books.checkMultyBooks" time="3.510" errors="0" timestamp="2023-03-27T22:24:22 CEST" skipped="0">
  <testcase classname="tests.test_for_books.checkMultyBooks" name="checkBookID" time="0.316"/>
  <system-out/>
  <testcase classname="tests.test_for_books.checkMultyBooks" name="incorrect_Books" time="0.313"/>
  <system-out/>
  <testcase classname="tests.test_for_books.checkMultyBooks" name="checkBookID" time="0.324"/>
  <system-out/>
  <testcase classname="tests.test_for_books.checkMultyBooks" name="checkBookID" time="0.314"/>
  <system-out/>
  <testcase classname="tests.test_for_books.checkMultyBooks" name="checkBookID" time="0.311"/>
  <system-out/>
  <testcase classname="tests.test_for_books.checkMultyBooks" name="checkBookID" time="0.325"/>
  <system-out/>
  <testcase classname="tests.test_for_books.checkMultyBooks" name="checkBookID" time="0.313"/>
  <system-out/>
  <testcase classname="tests.test_for_books.checkMultyBooks" name="incorrect_Books" time="0.324"/>
  <system-out/>
  <testcase classname="tests.test_for_books.checkMultyBooks" name="checkBookID" time="0.321"/>
  <system-out/>
  <testcase classname="tests.test_for_books.checkMultyBooks" name="incorrect_Books" time="0.333"/>
  <system-out/>
  <testcase classname="tests.test_for_books.checkMultyBooks" name="incorrect_Books" time="0.316"/>
  <system-out/>
</testsuite> <!-- tests.test_for_books.checkMultyBooks -->
