<?xml version="1.0" encoding="UTF-8"?>
<!-- Generated by org.testng.reporters.JUnitReportReporter -->
<testsuite hostname="Uros" failures="0" tests="4" name="tests.test_for_books.add_book_store" time="1.465" errors="0" timestamp="2023-03-27T22:24:22 CEST" skipped="0">
  <testcase classname="tests.test_for_books.add_book_store" name="BookStore_Check_message" time="0.365"/>
  <system-out/>
  <testcase classname="tests.test_for_books.add_book_store" name="BookStore_AddBook" time="0.459"/>
  <system-out/>
  <testcase classname="tests.test_for_books.add_book_store" name="BookStore_happyPath" time="0.321"/>
  <system-out/>
  <testcase classname="tests.test_for_books.add_book_store" name="BookStore_takeValue" time="0.320"/>
  <system-out/>
</testsuite> <!-- tests.test_for_books.add_book_store -->
