<?xml version="1.0" encoding="UTF-8"?>
<!-- Generated by org.testng.reporters.JUnitReportReporter -->
<testsuite hostname="Uros" failures="0" tests="4" name="tests.test_for_books.add_book_store" time="1.457" errors="0" timestamp="2023-03-27T22:30:06 CEST" skipped="0">
  <testcase classname="tests.test_for_books.add_book_store" name="BookStore_AddBook" time="0.438"/>
  <system-out/>
  <testcase classname="tests.test_for_books.add_book_store" name="BookStore_happyPath" time="0.326"/>
  <system-out/>
  <testcase classname="tests.test_for_books.add_book_store" name="BookStore_takeValue" time="0.331"/>
  <system-out/>
  <testcase classname="tests.test_for_books.add_book_store" name="BookStore_Check_message" time="0.362"/>
  <system-out/>
</testsuite> <!-- tests.test_for_books.add_book_store -->
