<?xml version="1.0" encoding="UTF-8"?>
<!-- Generated by org.testng.reporters.JUnitReportReporter -->
<testsuite hostname="192.168.1.15" failures="0" tests="11" name="tests.test_for_books.checkMultyBooks" time="6.218" errors="0" timestamp="2023-04-26T22:51:45 CEST" skipped="0">
  <testcase classname="tests.test_for_books.checkMultyBooks" name="incorrect_Books" time="0.608"/>
  <system-out/>
  <testcase classname="tests.test_for_books.checkMultyBooks" name="checkBookID" time="0.513"/>
  <system-out/>
  <testcase classname="tests.test_for_books.checkMultyBooks" name="incorrect_Books" time="0.541"/>
  <system-out/>
  <testcase classname="tests.test_for_books.checkMultyBooks" name="incorrect_Books" time="0.559"/>
  <system-out/>
  <testcase classname="tests.test_for_books.checkMultyBooks" name="checkBookID" time="0.581"/>
  <system-out/>
  <testcase classname="tests.test_for_books.checkMultyBooks" name="checkBookID" time="0.512"/>
  <system-out/>
  <testcase classname="tests.test_for_books.checkMultyBooks" name="checkBookID" time="0.524"/>
  <system-out/>
  <testcase classname="tests.test_for_books.checkMultyBooks" name="checkBookID" time="0.582"/>
  <system-out/>
  <testcase classname="tests.test_for_books.checkMultyBooks" name="incorrect_Books" time="0.577"/>
  <system-out/>
  <testcase classname="tests.test_for_books.checkMultyBooks" name="checkBookID" time="0.574"/>
  <system-out/>
  <testcase classname="tests.test_for_books.checkMultyBooks" name="checkBookID" time="0.647"/>
  <system-out/>
</testsuite> <!-- tests.test_for_books.checkMultyBooks -->
