<?xml version="1.0" encoding="UTF-8"?>
<!-- Generated by org.testng.reporters.JUnitReportReporter -->
<testsuite hostname="192.168.1.15" failures="0" tests="8" name="tests.fake_google_maps_api.get_data_for_place" time="7.247" errors="0" timestamp="2023-05-26T22:24:11 CEST" skipped="0">
  <testcase classname="tests.fake_google_maps_api.get_data_for_place" name="TestCase01_Get_Data_for_Place" time="1.255"/>
  <system-out/>
  <testcase classname="tests.fake_google_maps_api.get_data_for_place" name="TestCase02_Check_Name" time="1.005"/>
  <system-out/>
  <testcase classname="tests.fake_google_maps_api.get_data_for_place" name="testCase05_Check_types" time="0.935"/>
  <system-out/>
  <testcase classname="tests.fake_google_maps_api.get_data_for_place" name="testCase06_Check_language" time="1.125"/>
  <system-out/>
  <testcase classname="tests.fake_google_maps_api.get_data_for_place" name="testCase03_PlaceID_New" time="0.944"/>
  <system-out/>
  <testcase classname="tests.fake_google_maps_api.get_data_for_place" name="testCase07_Check_website" time="1.011"/>
  <system-out/>
  <testcase classname="tests.fake_google_maps_api.get_data_for_place" name="testCase04_Check_address" time="0.972"/>
  <system-out/>
  <testcase classname="tests.fake_google_maps_api.get_data_for_place" name="testCase08_Ceheck_body" time="0.000"/>
  <system-out/>
</testsuite> <!-- tests.fake_google_maps_api.get_data_for_place -->
