<?xml version="1.0" encoding="UTF-8"?>
<!-- Generated by org.testng.reporters.JUnitReportReporter -->
<testsuite hostname="192.168.1.15" failures="0" tests="3" name="tests.fake_google_maps_api.create_place" time="0.986" errors="0" timestamp="2023-05-26T22:24:11 CEST" skipped="0">
  <testcase classname="tests.fake_google_maps_api.create_place" name="TestCase02" time="0.326"/>
  <system-out/>
  <testcase classname="tests.fake_google_maps_api.create_place" name="TestCase03" time="0.313"/>
  <system-out/>
  <testcase classname="tests.fake_google_maps_api.create_place" name="TestCase01" time="0.347"/>
  <system-out/>
</testsuite> <!-- tests.fake_google_maps_api.create_place -->
