<?xml version="1.0" encoding="UTF-8"?>
<!-- Generated by org.testng.reporters.JUnitReportReporter -->
<testsuite hostname="192.168.1.15" failures="0" tests="8" name="tests.fake_google_maps_api.get_data_for_place" time="2.537" errors="0" timestamp="2023-06-17T15:15:29 CEST" skipped="0">
  <testcase classname="tests.fake_google_maps_api.get_data_for_place" name="testCase06_Check_language" time="0.348"/>
  <system-out/>
  <testcase classname="tests.fake_google_maps_api.get_data_for_place" name="TestCase01_Get_Data_for_Place" time="0.361"/>
  <system-out/>
  <testcase classname="tests.fake_google_maps_api.get_data_for_place" name="TestCase02_Check_Name" time="0.354"/>
  <system-out/>
  <testcase classname="tests.fake_google_maps_api.get_data_for_place" name="testCase04_Check_address" time="0.354"/>
  <system-out/>
  <testcase classname="tests.fake_google_maps_api.get_data_for_place" name="testCase07_Check_website" time="0.416"/>
  <system-out/>
  <testcase classname="tests.fake_google_maps_api.get_data_for_place" name="testCase05_Check_types" time="0.356"/>
  <system-out/>
  <testcase classname="tests.fake_google_maps_api.get_data_for_place" name="testCase03_PlaceID_New" time="0.348"/>
  <system-out/>
  <testcase classname="tests.fake_google_maps_api.get_data_for_place" name="testCase08_Ceheck_body" time="0.000"/>
  <system-out/>
</testsuite> <!-- tests.fake_google_maps_api.get_data_for_place -->
