<?xml version="1.0" encoding="UTF-8"?>
<!-- Generated by org.testng.reporters.JUnitReportReporter -->
<testsuite hostname="192.168.1.15" failures="0" tests="4" name="tests.test_for_books.add_book_store" time="2.216" errors="0" timestamp="2023-04-26T22:51:45 CEST" skipped="0">
  <testcase classname="tests.test_for_books.add_book_store" name="BookStore_AddBook_Msg" time="0.609"/>
  <system-out/>
  <testcase classname="tests.test_for_books.add_book_store" name="BookStore_AddBook_Status" time="0.515"/>
  <system-out/>
  <testcase classname="tests.test_for_books.add_book_store" name="BookStore_AddBook_ID" time="0.555"/>
  <system-out/>
  <testcase classname="tests.test_for_books.add_book_store" name="Existing_book" time="0.537"/>
  <system-out/>
</testsuite> <!-- tests.test_for_books.add_book_store -->
