<?xml version="1.0" encoding="UTF-8"?>
<!-- Generated by org.testng.reporters.JUnitReportReporter -->
<testsuite hostname="192.168.1.15" failures="0" tests="3" name="tests.fake_google_maps_api.create_place" time="1.555" errors="0" timestamp="2023-04-26T22:51:45 CEST" skipped="0">
  <testcase classname="tests.fake_google_maps_api.create_place" name="TestCase03" time="0.502"/>
  <system-out/>
  <testcase classname="tests.fake_google_maps_api.create_place" name="TestCase01" time="0.519"/>
  <system-out/>
  <testcase classname="tests.fake_google_maps_api.create_place" name="TestCase02" time="0.534"/>
  <system-out/>
</testsuite> <!-- tests.fake_google_maps_api.create_place -->
